janv. 17, 2020 2:51:28 PM xsdvi.XsdVi main
INFOS: The style will be embodied
janv. 17, 2020 2:51:28 PM xsdvi.XsdVi main
INFOS: Parsing /Users/marinebrenet/Documents/workflowDescriptor2XSD/xsdSimple/3D-DosimetrySlide1Workflow.xsd...
janv. 17, 2020 2:51:28 PM xsdvi.XsdVi main
INFOS: Processing XML Schema model...
janv. 17, 2020 2:51:28 PM xsdvi.XsdVi main
INFOS: Drawing SVG 3D-DosimetrySlide1Workflow.svg...
janv. 17, 2020 2:51:28 PM xsdvi.XsdVi main
INFOS: Done.
janv. 17, 2020 3:06:24 PM xsdvi.XsdVi main
INFOS: The style will be embodied
janv. 17, 2020 3:06:24 PM xsdvi.XsdVi main
INFOS: Parsing /Users/marinebrenet/Documents/workflowDescriptor2XSD/xsdSimple/3D-DosimetrySlide1Workflow.xsd...
janv. 17, 2020 3:06:24 PM xsdvi.XsdVi main
INFOS: Processing XML Schema model...
janv. 17, 2020 3:06:24 PM xsdvi.XsdVi main
INFOS: Drawing SVG 3D-DosimetrySlide1Workflow.svg...
janv. 17, 2020 3:06:24 PM xsdvi.XsdVi main
INFOS: Done.
janv. 17, 2020 3:37:17 PM xsdvi.XsdVi main
INFOS: The style will be embodied
janv. 17, 2020 3:37:17 PM xsdvi.XsdVi main
INFOS: Parsing ../../../xsdSimple/3D-DosimetrySlide1Workflow.xsd...
janv. 17, 2020 3:37:17 PM xsdvi.XsdVi main
INFOS: Processing XML Schema model...
janv. 17, 2020 3:37:17 PM xsdvi.XsdVi main
INFOS: Drawing SVG 3D-DosimetrySlide1Workflow.svg...
janv. 17, 2020 3:37:17 PM xsdvi.XsdVi main
INFOS: Done.
janv. 17, 2020 3:52:13 PM xsdvi.XsdVi main
INFOS: The style will be embodied
janv. 17, 2020 3:52:14 PM xsdvi.XsdVi main
INFOS: Parsing ../../../xsdSimple/3D-DosimetrySlide1Workflow.xsd...
janv. 17, 2020 3:52:14 PM xsdvi.XsdVi main
INFOS: Processing XML Schema model...
janv. 17, 2020 3:52:14 PM xsdvi.XsdVi main
INFOS: Drawing SVG 3D-DosimetrySlide1Workflow.svg...
janv. 17, 2020 3:52:14 PM xsdvi.XsdVi main
INFOS: Done.
janv. 17, 2020 3:52:21 PM xsdvi.XsdVi main
INFOS: The style will be embodied
janv. 17, 2020 3:52:21 PM xsdvi.XsdVi main
INFOS: Parsing ../../../xsdSimple/3D-DosimetrySlide2Workflow.xsd...
janv. 17, 2020 3:52:21 PM xsdvi.XsdVi main
INFOS: Processing XML Schema model...
janv. 17, 2020 3:52:21 PM xsdvi.XsdVi main
INFOS: Drawing SVG 3D-DosimetrySlide2Workflow.svg...
janv. 17, 2020 3:52:21 PM xsdvi.XsdVi main
INFOS: Done.
janv. 17, 2020 3:52:31 PM xsdvi.XsdVi main
INFOS: The style will be embodied
janv. 17, 2020 3:52:31 PM xsdvi.XsdVi main
INFOS: Parsing ../../../xsdSimple/2D-DosimetryWorkflow.xsd...
janv. 17, 2020 3:52:31 PM xsdvi.XsdVi main
INFOS: Processing XML Schema model...
janv. 17, 2020 3:52:31 PM xsdvi.XsdVi main
INFOS: Drawing SVG 2D-DosimetryWorkflow.svg...
janv. 17, 2020 3:52:31 PM xsdvi.XsdVi main
INFOS: Done.
janv. 17, 2020 3:52:43 PM xsdvi.XsdVi main
INFOS: The style will be embodied
janv. 17, 2020 3:52:43 PM xsdvi.XsdVi main
INFOS: Parsing ../../../xsdSimple/calibrationWorkflow.xsd...
janv. 17, 2020 3:52:43 PM xsdvi.XsdVi main
INFOS: Processing XML Schema model...
janv. 17, 2020 3:52:43 PM xsdvi.XsdVi main
INFOS: Drawing SVG calibrationWorkflow.svg...
janv. 17, 2020 3:52:43 PM xsdvi.XsdVi main
INFOS: Done.
janv. 17, 2020 3:52:50 PM xsdvi.XsdVi main
INFOS: The style will be embodied
janv. 17, 2020 3:52:50 PM xsdvi.XsdVi main
INFOS: Parsing ../../../xsdSimple/Hybrid-DosimetryWorkflow.xsd...
janv. 17, 2020 3:52:50 PM xsdvi.XsdVi main
INFOS: Processing XML Schema model...
janv. 17, 2020 3:52:50 PM xsdvi.XsdVi main
INFOS: Drawing SVG Hybrid-DosimetryWorkflow.svg...
janv. 17, 2020 3:52:50 PM xsdvi.XsdVi main
INFOS: Done.
janv. 17, 2020 3:52:58 PM xsdvi.XsdVi main
INFOS: The style will be embodied
janv. 17, 2020 3:52:58 PM xsdvi.XsdVi main
INFOS: Parsing ../../../xsdSimple/WP2subtask212WorkflowData.xsd...
janv. 17, 2020 3:52:58 PM xsdvi.XsdVi main
INFOS: Processing XML Schema model...
janv. 17, 2020 3:52:58 PM xsdvi.XsdVi main
INFOS: Drawing SVG WP2subtask212WorkflowData.svg...
janv. 17, 2020 3:52:58 PM xsdvi.XsdVi main
INFOS: Done.
janv. 17, 2020 3:53:08 PM xsdvi.XsdVi main
INFOS: The style will be embodied
janv. 17, 2020 3:53:08 PM xsdvi.XsdVi main
INFOS: Parsing ../../../xsd/nonDicomFileSetDescriptor.xsd...
janv. 17, 2020 3:53:08 PM xsdvi.XsdVi main
INFOS: Processing XML Schema model...
janv. 17, 2020 3:53:08 PM xsdvi.XsdVi main
INFOS: Drawing SVG nonDicomFileSetDescriptor.svg...
janv. 17, 2020 3:53:08 PM xsdvi.XsdVi main
INFOS: Done.
janv. 17, 2020 4:03:44 PM xsdvi.XsdVi main
INFOS: The style will be embodied
janv. 17, 2020 4:03:44 PM xsdvi.XsdVi main
INFOS: Parsing ../../../xsd/nonDicomFileSetDescriptor.xsd...
janv. 17, 2020 4:03:44 PM xsdvi.XsdVi main
INFOS: Processing XML Schema model...
janv. 17, 2020 4:03:44 PM xsdvi.XsdVi main
INFOS: Drawing SVG nonDicomFileSetDescriptor.svg...
janv. 17, 2020 4:03:44 PM xsdvi.XsdVi main
INFOS: Done.
janv. 17, 2020 4:03:49 PM xsdvi.XsdVi main
INFOS: The style will be embodied
janv. 17, 2020 4:03:49 PM xsdvi.XsdVi main
INFOS: Parsing ../../../xsdSimple/3D-DosimetrySlide1Workflow.xsd...
janv. 17, 2020 4:03:49 PM xsdvi.XsdVi main
INFOS: Processing XML Schema model...
janv. 17, 2020 4:03:49 PM xsdvi.XsdVi main
INFOS: Drawing SVG 3D-DosimetrySlide1Workflow.svg...
janv. 17, 2020 4:03:49 PM xsdvi.XsdVi main
INFOS: Done.
janv. 17, 2020 4:03:55 PM xsdvi.XsdVi main
INFOS: The style will be embodied
janv. 17, 2020 4:03:55 PM xsdvi.XsdVi main
INFOS: Parsing ../../../xsdSimple/3D-DosimetrySlide2Workflow.xsd...
janv. 17, 2020 4:03:55 PM xsdvi.XsdVi main
INFOS: Processing XML Schema model...
janv. 17, 2020 4:03:55 PM xsdvi.XsdVi main
INFOS: Drawing SVG 3D-DosimetrySlide2Workflow.svg...
janv. 17, 2020 4:03:55 PM xsdvi.XsdVi main
INFOS: Done.
janv. 17, 2020 4:04:01 PM xsdvi.XsdVi main
INFOS: The style will be embodied
janv. 17, 2020 4:04:01 PM xsdvi.XsdVi main
INFOS: Parsing ../../../xsdSimple/2D-DosimetryWorkflow.xsd...
janv. 17, 2020 4:04:01 PM xsdvi.XsdVi main
INFOS: Processing XML Schema model...
janv. 17, 2020 4:04:01 PM xsdvi.XsdVi main
INFOS: Drawing SVG 2D-DosimetryWorkflow.svg...
janv. 17, 2020 4:04:01 PM xsdvi.XsdVi main
INFOS: Done.
janv. 17, 2020 4:04:05 PM xsdvi.XsdVi main
INFOS: The style will be embodied
janv. 17, 2020 4:04:05 PM xsdvi.XsdVi main
INFOS: Parsing ../../../xsdSimple/calibrationWorkflow.xsd...
janv. 17, 2020 4:04:06 PM xsdvi.XsdVi main
INFOS: Processing XML Schema model...
janv. 17, 2020 4:04:06 PM xsdvi.XsdVi main
INFOS: Drawing SVG calibrationWorkflow.svg...
janv. 17, 2020 4:04:06 PM xsdvi.XsdVi main
INFOS: Done.
janv. 17, 2020 4:04:12 PM xsdvi.XsdVi main
INFOS: The style will be embodied
janv. 17, 2020 4:04:12 PM xsdvi.XsdVi main
INFOS: Parsing ../../../xsdSimple/Hybrid-DosimetryWorkflow.xsd...
janv. 17, 2020 4:04:12 PM xsdvi.XsdVi main
INFOS: Processing XML Schema model...
janv. 17, 2020 4:04:12 PM xsdvi.XsdVi main
INFOS: Drawing SVG Hybrid-DosimetryWorkflow.svg...
janv. 17, 2020 4:04:12 PM xsdvi.XsdVi main
INFOS: Done.
janv. 17, 2020 4:04:20 PM xsdvi.XsdVi main
INFOS: The style will be embodied
janv. 17, 2020 4:04:20 PM xsdvi.XsdVi main
INFOS: Parsing ../../../xsdSimple/WP2subtask212WorkflowData.xsd...
janv. 17, 2020 4:04:20 PM xsdvi.XsdVi main
INFOS: Processing XML Schema model...
janv. 17, 2020 4:04:20 PM xsdvi.XsdVi main
INFOS: Drawing SVG WP2subtask212WorkflowData.svg...
janv. 17, 2020 4:04:20 PM xsdvi.XsdVi main
INFOS: Done.
janv. 17, 2020 4:07:25 PM xsdvi.XsdVi main
INFOS: The style will be embodied
janv. 17, 2020 4:07:25 PM xsdvi.XsdVi main
INFOS: Parsing ../../../xsdSimple/calibrationWorkflow.xsd...
janv. 17, 2020 4:07:25 PM xsdvi.XsdVi main
INFOS: Processing XML Schema model...
janv. 17, 2020 4:07:25 PM xsdvi.XsdVi main
INFOS: Drawing SVG calibrationWorkflow.svg...
janv. 17, 2020 4:07:25 PM xsdvi.XsdVi main
INFOS: Done.
janv. 17, 2020 4:07:25 PM xsdvi.XsdVi main
INFOS: The style will be embodied
janv. 17, 2020 4:07:25 PM xsdvi.XsdVi main
INFOS: Parsing ../../../xsdSimple/Hybrid-DosimetryWorkflow.xsd...
janv. 17, 2020 4:07:25 PM xsdvi.XsdVi main
INFOS: Processing XML Schema model...
janv. 17, 2020 4:07:25 PM xsdvi.XsdVi main
INFOS: Drawing SVG Hybrid-DosimetryWorkflow.svg...
janv. 17, 2020 4:07:25 PM xsdvi.XsdVi main
INFOS: Done.
janv. 17, 2020 4:07:26 PM xsdvi.XsdVi main
INFOS: The style will be embodied
janv. 17, 2020 4:07:26 PM xsdvi.XsdVi main
INFOS: Parsing ../../../xsdSimple/2D-DosimetryWorkflow.xsd...
janv. 17, 2020 4:07:26 PM xsdvi.XsdVi main
INFOS: Processing XML Schema model...
janv. 17, 2020 4:07:26 PM xsdvi.XsdVi main
INFOS: Drawing SVG 2D-DosimetryWorkflow.svg...
janv. 17, 2020 4:07:26 PM xsdvi.XsdVi main
INFOS: Done.
janv. 17, 2020 4:07:26 PM xsdvi.XsdVi main
INFOS: The style will be embodied
janv. 17, 2020 4:07:26 PM xsdvi.XsdVi main
INFOS: Parsing ../../../xsdSimple/3D-DosimetrySlide2Workflow.xsd...
janv. 17, 2020 4:07:26 PM xsdvi.XsdVi main
INFOS: Processing XML Schema model...
janv. 17, 2020 4:07:26 PM xsdvi.XsdVi main
INFOS: Drawing SVG 3D-DosimetrySlide2Workflow.svg...
janv. 17, 2020 4:07:26 PM xsdvi.XsdVi main
INFOS: Done.
janv. 17, 2020 4:07:26 PM xsdvi.XsdVi main
INFOS: The style will be embodied
janv. 17, 2020 4:07:26 PM xsdvi.XsdVi main
INFOS: Parsing ../../../xsdSimple/3D-DosimetrySlide1Workflow.xsd...
janv. 17, 2020 4:07:27 PM xsdvi.XsdVi main
INFOS: Processing XML Schema model...
janv. 17, 2020 4:07:27 PM xsdvi.XsdVi main
INFOS: Drawing SVG 3D-DosimetrySlide1Workflow.svg...
janv. 17, 2020 4:07:27 PM xsdvi.XsdVi main
INFOS: Done.
janv. 17, 2020 4:07:29 PM xsdvi.XsdVi main
INFOS: The style will be embodied
janv. 17, 2020 4:07:29 PM xsdvi.XsdVi main
INFOS: Parsing ../../../xsd/nonDicomFileSetDescriptor.xsd...
janv. 17, 2020 4:07:29 PM xsdvi.XsdVi main
INFOS: Processing XML Schema model...
janv. 17, 2020 4:07:29 PM xsdvi.XsdVi main
INFOS: Drawing SVG nonDicomFileSetDescriptor.svg...
janv. 17, 2020 4:07:29 PM xsdvi.XsdVi main
INFOS: Done.
janv. 17, 2020 4:07:55 PM xsdvi.XsdVi main
INFOS: The style will be embodied
janv. 17, 2020 4:07:55 PM xsdvi.XsdVi main
INFOS: Parsing ../../../xsdSimple/WP2subtask212WorkflowData.xsd...
janv. 17, 2020 4:07:55 PM xsdvi.XsdVi main
INFOS: Processing XML Schema model...
janv. 17, 2020 4:07:55 PM xsdvi.XsdVi main
INFOS: Drawing SVG WP2subtask212WorkflowData.svg...
janv. 17, 2020 4:07:55 PM xsdvi.XsdVi main
INFOS: Done.
janv. 17, 2020 4:38:34 PM xsdvi.XsdVi main
INFOS: The style will be embodied
janv. 17, 2020 4:38:34 PM xsdvi.XsdVi main
INFOS: Parsing ../../../xsdSimple/WP2subtask212WorkflowData.xsd...
janv. 17, 2020 4:38:34 PM xsdvi.XsdVi main
INFOS: Processing XML Schema model...
janv. 17, 2020 4:38:34 PM xsdvi.XsdVi main
INFOS: Drawing SVG WP2subtask212WorkflowData.svg...
janv. 17, 2020 4:38:34 PM xsdvi.XsdVi main
INFOS: Done.
janv. 17, 2020 4:38:34 PM xsdvi.XsdVi main
INFOS: The style will be embodied
janv. 17, 2020 4:38:34 PM xsdvi.XsdVi main
INFOS: Parsing ../../../xsdSimple/calibrationWorkflow.xsd...
janv. 17, 2020 4:38:34 PM xsdvi.XsdVi main
INFOS: Processing XML Schema model...
janv. 17, 2020 4:38:34 PM xsdvi.XsdVi main
INFOS: Drawing SVG calibrationWorkflow.svg...
janv. 17, 2020 4:38:34 PM xsdvi.XsdVi main
INFOS: Done.
janv. 17, 2020 4:38:35 PM xsdvi.XsdVi main
INFOS: The style will be embodied
janv. 17, 2020 4:38:35 PM xsdvi.XsdVi main
INFOS: Parsing ../../../xsdSimple/Hybrid-DosimetryWorkflow.xsd...
janv. 17, 2020 4:38:35 PM xsdvi.XsdVi main
INFOS: Processing XML Schema model...
janv. 17, 2020 4:38:35 PM xsdvi.XsdVi main
INFOS: Drawing SVG Hybrid-DosimetryWorkflow.svg...
janv. 17, 2020 4:38:35 PM xsdvi.XsdVi main
INFOS: Done.
janv. 17, 2020 4:38:35 PM xsdvi.XsdVi main
INFOS: The style will be embodied
janv. 17, 2020 4:38:35 PM xsdvi.XsdVi main
INFOS: Parsing ../../../xsdSimple/2D-DosimetryWorkflow.xsd...
janv. 17, 2020 4:38:35 PM xsdvi.XsdVi main
INFOS: Processing XML Schema model...
janv. 17, 2020 4:38:35 PM xsdvi.XsdVi main
INFOS: Drawing SVG 2D-DosimetryWorkflow.svg...
janv. 17, 2020 4:38:35 PM xsdvi.XsdVi main
INFOS: Done.
janv. 17, 2020 4:38:36 PM xsdvi.XsdVi main
INFOS: The style will be embodied
janv. 17, 2020 4:38:36 PM xsdvi.XsdVi main
INFOS: Parsing ../../../xsdSimple/3D-DosimetrySlide2Workflow.xsd...
janv. 17, 2020 4:38:36 PM xsdvi.XsdVi main
INFOS: Processing XML Schema model...
janv. 17, 2020 4:38:36 PM xsdvi.XsdVi main
INFOS: Drawing SVG 3D-DosimetrySlide2Workflow.svg...
janv. 17, 2020 4:38:36 PM xsdvi.XsdVi main
INFOS: Done.
janv. 17, 2020 4:38:36 PM xsdvi.XsdVi main
INFOS: The style will be embodied
janv. 17, 2020 4:38:36 PM xsdvi.XsdVi main
INFOS: Parsing ../../../xsdSimple/3D-DosimetrySlide1Workflow.xsd...
janv. 17, 2020 4:38:36 PM xsdvi.XsdVi main
INFOS: Processing XML Schema model...
janv. 17, 2020 4:38:36 PM xsdvi.XsdVi main
INFOS: Drawing SVG 3D-DosimetrySlide1Workflow.svg...
janv. 17, 2020 4:38:36 PM xsdvi.XsdVi main
INFOS: Done.
janv. 17, 2020 4:38:37 PM xsdvi.XsdVi main
INFOS: The style will be embodied
janv. 17, 2020 4:38:37 PM xsdvi.XsdVi main
INFOS: Parsing ../../../xsd/nonDicomFileSetDescriptor.xsd...
janv. 17, 2020 4:38:37 PM xsdvi.XsdVi main
INFOS: Processing XML Schema model...
janv. 17, 2020 4:38:37 PM xsdvi.XsdVi main
INFOS: Drawing SVG nonDicomFileSetDescriptor.svg...
janv. 17, 2020 4:38:37 PM xsdvi.XsdVi main
INFOS: Done.
